0 info it worked if it ends with ok
1 verbose cli [ '/home/dehuszar/.nvm/v0.11.14/bin/node',
1 verbose cli   '/home/dehuszar/.nvm/v0.11.14/bin/npm',
1 verbose cli   'install',
1 verbose cli   'less-hat' ]
2 info using npm@2.0.0
3 info using node@v0.11.14
4 warn package.json @ No description
5 warn package.json @ No repository field.
6 warn package.json @ No README data
7 verbose readDependencies using package.json deps
8 verbose cache add [ 'less-hat', null ]
9 verbose cache add spec="less-hat" args=["less-hat",null]
10 verbose parsed spec { raw: 'less-hat',
10 verbose parsed spec   scope: null,
10 verbose parsed spec   name: 'less-hat',
10 verbose parsed spec   rawSpec: '',
10 verbose parsed spec   spec: '*',
10 verbose parsed spec   type: 'range' }
11 verbose parsed spec { raw: 'less-hat',
11 verbose parsed spec   scope: null,
11 verbose parsed spec   name: 'less-hat',
11 verbose parsed spec   rawSpec: '',
11 verbose parsed spec   spec: '*',
11 verbose parsed spec   type: 'range' }
12 verbose addNamed [ 'less-hat', '*' ]
13 verbose addNamed [ null, '*' ]
14 silly lockFile fcc190aa-less-hat less-hat@*
15 verbose lock less-hat@* /home/dehuszar/.npm/fcc190aa-less-hat.lock
16 silly addNameRange { name: 'less-hat', range: '*', hasData: false }
17 verbose mapToRegistry name less-hat
18 verbose mapToRegistry uri https://registry.npmjs.org/less-hat
19 verbose request on initialization, where is /less-hat
20 verbose request after pass 1, where is /less-hat
21 verbose request url raw /less-hat
22 verbose request resolving registry [ 'https://registry.npmjs.org/', './less-hat' ]
23 verbose request after pass 2, where is https://registry.npmjs.org/less-hat
24 verbose request no auth needed
25 info attempt registry request try #1 at 20:26:59
26 verbose request id 18e37d4c4a5bb094
27 http request GET https://registry.npmjs.org/less-hat
28 http 404 https://registry.npmjs.org/less-hat
29 verbose headers { date: 'Mon, 16 Mar 2015 01:26:59 GMT',
29 verbose headers   server: 'CouchDB/1.5.0 (Erlang OTP/R16B03)',
29 verbose headers   'content-type': 'application/json',
29 verbose headers   'cache-control': 'max-age=0',
29 verbose headers   'content-length': '52',
29 verbose headers   'accept-ranges': 'bytes',
29 verbose headers   via: '1.1 varnish',
29 verbose headers   age: '0',
29 verbose headers   'x-served-by': 'cache-ord1728-ORD',
29 verbose headers   'x-cache': 'MISS',
29 verbose headers   'x-cache-hits': '0',
29 verbose headers   'x-timer': 'S1426469219.419538,VS0,VE133',
29 verbose headers   connection: 'close' }
30 silly registry.get cb [ 404,
30 silly registry.get   { date: 'Mon, 16 Mar 2015 01:26:59 GMT',
30 silly registry.get     server: 'CouchDB/1.5.0 (Erlang OTP/R16B03)',
30 silly registry.get     'content-type': 'application/json',
30 silly registry.get     'cache-control': 'max-age=0',
30 silly registry.get     'content-length': '52',
30 silly registry.get     'accept-ranges': 'bytes',
30 silly registry.get     via: '1.1 varnish',
30 silly registry.get     age: '0',
30 silly registry.get     'x-served-by': 'cache-ord1728-ORD',
30 silly registry.get     'x-cache': 'MISS',
30 silly registry.get     'x-cache-hits': '0',
30 silly registry.get     'x-timer': 'S1426469219.419538,VS0,VE133',
30 silly registry.get     connection: 'close' } ]
31 silly lockFile fcc190aa-less-hat less-hat@*
32 silly lockFile fcc190aa-less-hat less-hat@*
33 verbose stack Error: 404 Not Found: less-hat
33 verbose stack     at RegClient.<anonymous> (/home/dehuszar/.nvm/v0.11.14/lib/node_modules/npm/node_modules/npm-registry-client/lib/request.js:259:14)
33 verbose stack     at Request._callback (/home/dehuszar/.nvm/v0.11.14/lib/node_modules/npm/node_modules/npm-registry-client/lib/request.js:198:65)
33 verbose stack     at Request.self.callback (/home/dehuszar/.nvm/v0.11.14/lib/node_modules/npm/node_modules/request/request.js:236:22)
33 verbose stack     at Request.emit (events.js:110:17)
33 verbose stack     at Request.<anonymous> (/home/dehuszar/.nvm/v0.11.14/lib/node_modules/npm/node_modules/request/request.js:1142:14)
33 verbose stack     at Request.emit (events.js:129:20)
33 verbose stack     at IncomingMessage.<anonymous> (/home/dehuszar/.nvm/v0.11.14/lib/node_modules/npm/node_modules/request/request.js:1096:12)
33 verbose stack     at IncomingMessage.emit (events.js:129:20)
33 verbose stack     at _stream_readable.js:907:16
33 verbose stack     at process._tickCallback (node.js:372:11)
34 verbose statusCode 404
35 verbose pkgid less-hat
36 verbose cwd /home/dehuszar/Development/presentations/semantic-remapping/demos/processor-comparisons/less
37 error Linux 3.16.0-33-generic
38 error argv "/home/dehuszar/.nvm/v0.11.14/bin/node" "/home/dehuszar/.nvm/v0.11.14/bin/npm" "install" "less-hat"
39 error node v0.11.14
40 error npm  v2.0.0
41 error code E404
42 error 404 Not Found: less-hat
42 error 404
42 error 404 'less-hat' is not in the npm registry.
42 error 404 You should bug the author to publish it (or use the name yourself!)
42 error 404
42 error 404 Note that you can also install from a
42 error 404 tarball, folder, http url, or git url.
43 verbose exit [ 1, true ]
